<?xml version="1.0" encoding="utf-8"?><testsuite errors="0" failures="0" name="pytest" skips="0" tests="12" time="0.280"><testcase classname="test_submit.ManagerDatesTests" file="test_submit.py" line="45" name="test_convert_string_to_date" time="0.00890493392944336"></testcase><testcase classname="test_submit.ManagerDatesTests" file="test_submit.py" line="69" name="test_convert_string_to_date_four" time="0.007231950759887695"></testcase><testcase classname="test_submit.ManagerDatesTests" file="test_submit.py" line="61" name="test_convert_string_to_date_three" time="0.0071887969970703125"></testcase><testcase classname="test_submit.ManagerDatesTests" file="test_submit.py" line="53" name="test_convert_string_to_date_two" time="0.002560853958129883"></testcase><testcase classname="test_submit.ManagerDatesTests" file="test_submit.py" line="84" name="test_count_days_mounth" time="0.0018970966339111328"></testcase><testcase classname="test_submit.ManagerDatesTests" file="test_submit.py" line="91" name="test_count_days_mounth_two" time="0.0017161369323730469"></testcase><testcase classname="test_submit.ManagerDatesTests" file="test_submit.py" line="5" name="test_date_is_valid" time="0.0015060901641845703"></testcase><testcase classname="test_submit.ManagerDatesTests" file="test_submit.py" line="21" name="test_date_is_valid_three" time="0.001390218734741211"></testcase><testcase classname="test_submit.ManagerDatesTests" file="test_submit.py" line="13" name="test_date_is_valid_two" time="0.009223222732543945"></testcase><testcase classname="test_submit.ManagerDatesTests" file="test_submit.py" line="37" name="test_date_weekday" time="0.006615638732910156"></testcase><testcase classname="test_submit.ManagerDatesTests" file="test_submit.py" line="77" name="test_get_all_dates" time="0.003983974456787109"></testcase><testcase classname="test_submit.ManagerDatesTests" file="test_submit.py" line="105" name="test_get_first_monday" time="0.0015232563018798828"></testcase></testsuite>